Using pre-set license
Built from '2020.3/staging' branch; Version is '2020.3.25f1 (9b9180224418) revision 10195328'; Using compiler version '192528614'; Build Type 'Release'
OS: 'Windows 11  (10.0.22000) 64bit Core' Language: 'es' Physical Memory: 8107 MB
BatchMode: 1, IsHumanControllingUs: 0, StartBugReporterOnCrash: 0, Is64bit: 1, IsPro: 0

COMMAND LINE ARGUMENTS:
C:\Program Files\Unity\Hub\Editor\2020.3.25f1\Editor\Unity.exe
-adb2
-batchMode
-noUpm
-name
AssetImportWorker0
-projectPath
C:/Users/loren/OneDrive/Escritorio/Documentos/GitHub/Esmash_MusicGame/MusicSlash
-logFile
Logs/AssetImportWorker0.log
-srvPort
60172
Successfully changed project path to: C:/Users/loren/OneDrive/Escritorio/Documentos/GitHub/Esmash_MusicGame/MusicSlash
C:/Users/loren/OneDrive/Escritorio/Documentos/GitHub/Esmash_MusicGame/MusicSlash
Using Asset Import Pipeline V2.
Refreshing native plugins compatible for Editor in 51.32 ms, found 2 plugins.
Preloading 0 native plugins for Editor in 0.00 ms.
Initialize engine version: 2020.3.25f1 (9b9180224418)
[Subsystems] Discovering subsystems at path C:/Program Files/Unity/Hub/Editor/2020.3.25f1/Editor/Data/Resources/UnitySubsystems
[Subsystems] Discovering subsystems at path C:/Users/loren/OneDrive/Escritorio/Documentos/GitHub/Esmash_MusicGame/MusicSlash/Assets
GfxDevice: creating device client; threaded=0
Direct3D:
    Version:  Direct3D 11.0 [level 11.1]
    Renderer: Intel(R) UHD Graphics 620 (ID=0x5917)
    Vendor:   
    VRAM:     4053 MB
    Driver:   27.20.100.9171
Initialize mono
Mono path[0] = 'C:/Program Files/Unity/Hub/Editor/2020.3.25f1/Editor/Data/Managed'
Mono path[1] = 'C:/Program Files/Unity/Hub/Editor/2020.3.25f1/Editor/Data/MonoBleedingEdge/lib/mono/unityjit'
Mono config path = 'C:/Program Files/Unity/Hub/Editor/2020.3.25f1/Editor/Data/MonoBleedingEdge/etc'
Using monoOptions --debugger-agent=transport=dt_socket,embedding=1,server=y,suspend=n,address=127.0.0.1:56032
Begin MonoManager ReloadAssembly
Registering precompiled unity dll's ...
Register platform support module: C:/Program Files/Unity/Hub/Editor/2020.3.25f1/Editor/Data/PlaybackEngines/WindowsStandaloneSupport/UnityEditor.WindowsStandalone.Extensions.dll
Registered in 0.003436 seconds.
Native extension for WindowsStandalone target not found
Refreshing native plugins compatible for Editor in 45.20 ms, found 2 plugins.
Preloading 0 native plugins for Editor in 0.00 ms.
Mono: successfully reloaded assembly
- Completed reload, in  1.045 seconds
Domain Reload Profiling:
	ReloadAssembly (1045ms)
		BeginReloadAssembly (89ms)
			ExecutionOrderSort (0ms)
			DisableScriptedObjects (0ms)
			BackupInstance (0ms)
			ReleaseScriptingObjects (0ms)
			CreateAndSetChildDomain (1ms)
		EndReloadAssembly (835ms)
			LoadAssemblies (87ms)
			RebuildTransferFunctionScriptingTraits (0ms)
			SetupTypeCache (287ms)
			ReleaseScriptCaches (0ms)
			RebuildScriptCaches (68ms)
			SetupLoadedEditorAssemblies (223ms)
				LogAssemblyErrors (0ms)
				InitializePlatformSupportModulesInManaged (5ms)
				SetLoadedEditorAssemblies (0ms)
				RefreshPlugins (45ms)
				BeforeProcessingInitializeOnLoad (26ms)
				ProcessInitializeOnLoadAttributes (109ms)
				ProcessInitializeOnLoadMethodAttributes (36ms)
				AfterProcessingInitializeOnLoad (0ms)
				EditorAssembliesLoaded (0ms)
			ExecutionOrderSort2 (0ms)
			AwakeInstancesAfterBackupRestoration (0ms)
Platform modules already initialized, skipping
Registering precompiled user dll's ...
Registered in 0.015753 seconds.
Begin MonoManager ReloadAssembly
Native extension for WindowsStandalone target not found
Refreshing native plugins compatible for Editor in 0.56 ms, found 2 plugins.
Preloading 0 native plugins for Editor in 0.00 ms.
Mono: successfully reloaded assembly
- Completed reload, in  1.267 seconds
Domain Reload Profiling:
	ReloadAssembly (1268ms)
		BeginReloadAssembly (186ms)
			ExecutionOrderSort (0ms)
			DisableScriptedObjects (6ms)
			BackupInstance (0ms)
			ReleaseScriptingObjects (0ms)
			CreateAndSetChildDomain (22ms)
		EndReloadAssembly (975ms)
			LoadAssemblies (142ms)
			RebuildTransferFunctionScriptingTraits (0ms)
			SetupTypeCache (324ms)
			ReleaseScriptCaches (0ms)
			RebuildScriptCaches (51ms)
			SetupLoadedEditorAssemblies (362ms)
				LogAssemblyErrors (0ms)
				InitializePlatformSupportModulesInManaged (5ms)
				SetLoadedEditorAssemblies (1ms)
				RefreshPlugins (1ms)
				BeforeProcessingInitializeOnLoad (87ms)
				ProcessInitializeOnLoadAttributes (248ms)
				ProcessInitializeOnLoadMethodAttributes (14ms)
				AfterProcessingInitializeOnLoad (7ms)
				EditorAssembliesLoaded (0ms)
			ExecutionOrderSort2 (0ms)
			AwakeInstancesAfterBackupRestoration (7ms)
Platform modules already initialized, skipping
========================================================================
Worker process is ready to serve import requests
Launched and connected shader compiler UnityShaderCompiler.exe after 0.10 seconds
Refreshing native plugins compatible for Editor in 0.56 ms, found 2 plugins.
Preloading 0 native plugins for Editor in 0.00 ms.
Unloading 1527 Unused Serialized files (Serialized files now loaded: 0)
System memory in use before: 69.9 MB.
System memory in use after: 70.0 MB.

Unloading 19 unused Assets to reduce memory usage. Loaded Objects now: 1960.
Total: 4.177900 ms (FindLiveObjects: 0.305900 ms CreateObjectMapping: 0.141600 ms MarkObjects: 3.661100 ms  DeleteObjects: 0.067800 ms)

AssetImportParameters requested are different than current active one (requested -> active):
  custom:framework-win-MediaFoundation: 216162199b28c13a410421893ffa2e32 -> 
  custom:video-decoder-ogg-theora: a1e56fd34408186e4bbccfd4996cb3dc -> 
  custom:container-muxer-webm: aa71ff27fc2769a1b78a27578f13a17b -> 
  custom:container-demuxer-webm: 4f35f7cbe854078d1ac9338744f61a02 -> 
  custom:container-demuxer-ogg: 62fdf1f143b41e24485cea50d1cbac27 -> 
  custom:video-encoder-webm-vp8: eb34c28f22e8b96e1ab97ce403110664 -> 
  custom:video-decoder-webm-vp8: 9c59270c3fd7afecdb556c50c9e8de78 -> 
  custom:audio-decoder-ogg-vorbis: bf7c407c2cedff20999df2af8eb42d56 -> 
  custom:audio-encoder-webm-vorbis: bf7c407c2cedff20999df2af8eb42d56 -> 
========================================================================
Received Import Request.
  path: Assets/Icons/ButtonIcon/flechas azules.png
  artifactKey: Guid(510dc961fe971b9449783cc9a7460653) Importer(815301076,1909f56bfc062723c751e8b465ee728b)
Start importing Assets/Icons/ButtonIcon/flechas azules.png using Guid(510dc961fe971b9449783cc9a7460653) Importer(815301076,1909f56bfc062723c751e8b465ee728b)  -> (artifact id: '58e7470cad7ceb1db1037c36d08510df') in 0.108128 seconds 
  Import took 0.112916 seconds .

========================================================================
Received Import Request.
  Time since last request: 3.537891 seconds.
  path: Assets/Icons/ButtonIcon/flechas azules.png
  artifactKey: Guid(510dc961fe971b9449783cc9a7460653) Importer(815301076,1909f56bfc062723c751e8b465ee728b)
Start importing Assets/Icons/ButtonIcon/flechas azules.png using Guid(510dc961fe971b9449783cc9a7460653) Importer(815301076,1909f56bfc062723c751e8b465ee728b)  -> (artifact id: '69bad74d68e1a3025fc2757d04c5573e') in 0.076097 seconds 
  Import took 0.080292 seconds .

========================================================================
Received Import Request.
  Time since last request: 79.822773 seconds.
  path: Assets/Icons/ButtonIcon/flechas amarillas.png
  artifactKey: Guid(7184f706b9a40f34f8ddedc71e36d927) Importer(815301076,1909f56bfc062723c751e8b465ee728b)
Start importing Assets/Icons/ButtonIcon/flechas amarillas.png using Guid(7184f706b9a40f34f8ddedc71e36d927) Importer(815301076,1909f56bfc062723c751e8b465ee728b)  -> (artifact id: '518a82565682f5025df94a6b2dbeeef2') in 0.027822 seconds 
  Import took 0.037441 seconds .

========================================================================
Received Import Request.
  Time since last request: 3.635411 seconds.
  path: Assets/Icons/ButtonIcon/flechas amarillas.png
  artifactKey: Guid(7184f706b9a40f34f8ddedc71e36d927) Importer(815301076,1909f56bfc062723c751e8b465ee728b)
Start importing Assets/Icons/ButtonIcon/flechas amarillas.png using Guid(7184f706b9a40f34f8ddedc71e36d927) Importer(815301076,1909f56bfc062723c751e8b465ee728b)  -> (artifact id: '4edd601fd838a5133f13f9f73d41d58b') in 0.028365 seconds 
  Import took 0.034440 seconds .

========================================================================
Received Import Request.
  Time since last request: 66.973400 seconds.
  path: Assets/Icons/ButtonIcon/Flechas rojas.png
  artifactKey: Guid(a8d28996020c5c942b61b4031e34eab3) Importer(815301076,1909f56bfc062723c751e8b465ee728b)
Start importing Assets/Icons/ButtonIcon/Flechas rojas.png using Guid(a8d28996020c5c942b61b4031e34eab3) Importer(815301076,1909f56bfc062723c751e8b465ee728b)  -> (artifact id: 'c127a30a2413e2edfe774a411f891e74') in 0.020821 seconds 
  Import took 0.028238 seconds .

========================================================================
Received Import Request.
  Time since last request: 4.053083 seconds.
  path: Assets/Icons/ButtonIcon/Flechas rojas.png
  artifactKey: Guid(a8d28996020c5c942b61b4031e34eab3) Importer(815301076,1909f56bfc062723c751e8b465ee728b)
Start importing Assets/Icons/ButtonIcon/Flechas rojas.png using Guid(a8d28996020c5c942b61b4031e34eab3) Importer(815301076,1909f56bfc062723c751e8b465ee728b)  -> (artifact id: 'dee02cb5c14c2b8f31dc8d503072dfd7') in 0.026768 seconds 
  Import took 0.031836 seconds .

========================================================================
Received Prepare
Registering precompiled user dll's ...
Registered in 0.014458 seconds.
Begin MonoManager ReloadAssembly
Native extension for WindowsStandalone target not found
Refreshing native plugins compatible for Editor in 1.07 ms, found 2 plugins.
Preloading 0 native plugins for Editor in 0.00 ms.
Mono: successfully reloaded assembly
- Completed reload, in  3.316 seconds
Domain Reload Profiling:
	ReloadAssembly (3317ms)
		BeginReloadAssembly (303ms)
			ExecutionOrderSort (0ms)
			DisableScriptedObjects (9ms)
			BackupInstance (0ms)
			ReleaseScriptingObjects (0ms)
			CreateAndSetChildDomain (111ms)
		EndReloadAssembly (2902ms)
			LoadAssemblies (312ms)
			RebuildTransferFunctionScriptingTraits (0ms)
			SetupTypeCache (928ms)
			ReleaseScriptCaches (1ms)
			RebuildScriptCaches (51ms)
			SetupLoadedEditorAssemblies (883ms)
				LogAssemblyErrors (0ms)
				InitializePlatformSupportModulesInManaged (20ms)
				SetLoadedEditorAssemblies (1ms)
				RefreshPlugins (1ms)
				BeforeProcessingInitializeOnLoad (274ms)
				ProcessInitializeOnLoadAttributes (543ms)
				ProcessInitializeOnLoadMethodAttributes (30ms)
				AfterProcessingInitializeOnLoad (13ms)
				EditorAssembliesLoaded (1ms)
			ExecutionOrderSort2 (0ms)
			AwakeInstancesAfterBackupRestoration (34ms)
Platform modules already initialized, skipping
Switching build target platform(19) subTarget(0) extendedPlatform(0) -> platform(13) subTarget(537395200) extendedPlatform(0)
Refreshing native plugins compatible for Editor in 1.05 ms, found 2 plugins.
Preloading 0 native plugins for Editor in 0.00 ms.
Unloading 1524 Unused Serialized files (Serialized files now loaded: 0)
System memory in use before: 72.8 MB.
System memory in use after: 72.9 MB.

Unloading 14 unused Assets to reduce memory usage. Loaded Objects now: 1969.
Total: 47.550600 ms (FindLiveObjects: 15.325800 ms CreateObjectMapping: 1.473200 ms MarkObjects: 30.446000 ms  DeleteObjects: 0.297400 ms)

AssetImportParameters requested are different than current active one (requested -> active):
  custom:framework-win-MediaFoundation: 216162199b28c13a410421893ffa2e32 -> 
  custom:video-decoder-ogg-theora: a1e56fd34408186e4bbccfd4996cb3dc -> 
  custom:container-muxer-webm: aa71ff27fc2769a1b78a27578f13a17b -> 
  custom:container-demuxer-webm: 4f35f7cbe854078d1ac9338744f61a02 -> 
  custom:container-demuxer-ogg: 62fdf1f143b41e24485cea50d1cbac27 -> 
  custom:video-encoder-webm-vp8: eb34c28f22e8b96e1ab97ce403110664 -> 
  custom:video-decoder-webm-vp8: 9c59270c3fd7afecdb556c50c9e8de78 -> 
  custom:graphics/normal-map-encoding: 01000000000000000000000000000000 -> 02000000000000000000000000000000
  custom:audio-decoder-ogg-vorbis: bf7c407c2cedff20999df2af8eb42d56 -> 
  custom:audio-encoder-webm-vorbis: bf7c407c2cedff20999df2af8eb42d56 -> 
